
 /----------------------------------------------------------------------------\
 |                                                                            |
 |  yosys -- Yosys Open SYnthesis Suite                                       |
 |                                                                            |
 |  Copyright (C) 2012 - 2020  Claire Xenia Wolf <claire@yosyshq.com>         |
 |                                                                            |
 |  Permission to use, copy, modify, and/or distribute this software for any  |
 |  purpose with or without fee is hereby granted, provided that the above    |
 |  copyright notice and this permission notice appear in all copies.         |
 |                                                                            |
 |  THE SOFTWARE IS PROVIDED "AS IS" AND THE AUTHOR DISCLAIMS ALL WARRANTIES  |
 |  WITH REGARD TO THIS SOFTWARE INCLUDING ALL IMPLIED WARRANTIES OF          |
 |  MERCHANTABILITY AND FITNESS. IN NO EVENT SHALL THE AUTHOR BE LIABLE FOR   |
 |  ANY SPECIAL, DIRECT, INDIRECT, OR CONSEQUENTIAL DAMAGES OR ANY DAMAGES    |
 |  WHATSOEVER RESULTING FROM LOSS OF USE, DATA OR PROFITS, WHETHER IN AN     |
 |  ACTION OF CONTRACT, NEGLIGENCE OR OTHER TORTIOUS ACTION, ARISING OUT OF   |
 |  OR IN CONNECTION WITH THE USE OR PERFORMANCE OF THIS SOFTWARE.            |
 |                                                                            |
 \----------------------------------------------------------------------------/

 Yosys 0.26+1 (git sha1 b1a011138, x86_64-w64-mingw32-g++ 9.2.1 -Os)


-- Running command `read_verilog -sv ../design/module.sv ; synth_gowin -top gray_to_binary_leds -json tarea1.json' --

1. Executing Verilog-2005 frontend: ../design/module.sv
Parsing SystemVerilog input from `../design/module.sv' to AST representation.
Generating RTLIL representation for module `\gray_to_binary_leds'.
Successfully finished Verilog frontend.

2. Executing SYNTH_GOWIN pass.

2.1. Executing Verilog-2005 frontend: C:\Users\achac\OneDrive\Escritorio\Diseno\oss-cad-suite\bin\../share/yosys/gowin/cells_sim.v
Parsing Verilog input from `C:\Users\achac\OneDrive\Escritorio\Diseno\oss-cad-suite\bin\../share/yosys/gowin/cells_sim.v' to AST representation.
Generating RTLIL representation for module `\LUT1'.
Generating RTLIL representation for module `\LUT2'.
Generating RTLIL representation for module `\LUT3'.
Generating RTLIL representation for module `\LUT4'.
Generating RTLIL representation for module `\__APICULA_LUT5'.
Generating RTLIL representation for module `\__APICULA_LUT6'.
Generating RTLIL representation for module `\__APICULA_LUT7'.
Generating RTLIL representation for module `\__APICULA_LUT8'.
Generating RTLIL representation for module `\MUX2'.
Generating RTLIL representation for module `\MUX2_LUT5'.
Generating RTLIL representation for module `\MUX2_LUT6'.
Generating RTLIL representation for module `\MUX2_LUT7'.
Generating RTLIL representation for module `\MUX2_LUT8'.
Generating RTLIL representation for module `\DFF'.
Generating RTLIL representation for module `\DFFE'.
Generating RTLIL representation for module `\DFFS'.
Generating RTLIL representation for module `\DFFSE'.
Generating RTLIL representation for module `\DFFR'.
Generating RTLIL representation for module `\DFFRE'.
Generating RTLIL representation for module `\DFFP'.
Generating RTLIL representation for module `\DFFPE'.
Generating RTLIL representation for module `\DFFC'.
Generating RTLIL representation for module `\DFFCE'.
Generating RTLIL representation for module `\DFFN'.
Generating RTLIL representation for module `\DFFNE'.
Generating RTLIL representation for module `\DFFNS'.
Generating RTLIL representation for module `\DFFNSE'.
Generating RTLIL representation for module `\DFFNR'.
Generating RTLIL representation for module `\DFFNRE'.
Generating RTLIL representation for module `\DFFNP'.
Generating RTLIL representation for module `\DFFNPE'.
Generating RTLIL representation for module `\DFFNC'.
Generating RTLIL representation for module `\DFFNCE'.
Generating RTLIL representation for module `\VCC'.
Generating RTLIL representation for module `\GND'.
Generating RTLIL representation for module `\IBUF'.
Generating RTLIL representation for module `\OBUF'.
Generating RTLIL representation for module `\TBUF'.
Generating RTLIL representation for module `\IOBUF'.
Generating RTLIL representation for module `\TLVDS_OBUF'.
Generating RTLIL representation for module `\ODDR'.
Generating RTLIL representation for module `\ODDRC'.
Generating RTLIL representation for module `\GSR'.
Generating RTLIL representation for module `\ALU'.
Generating RTLIL representation for module `\RAM16S1'.
Generating RTLIL representation for module `\RAM16S2'.
Generating RTLIL representation for module `\RAM16S4'.
Generating RTLIL representation for module `\RAM16SDP1'.
Generating RTLIL representation for module `\RAM16SDP2'.
Generating RTLIL representation for module `\RAM16SDP4'.
Generating RTLIL representation for module `\SP'.
Generating RTLIL representation for module `\SPX9'.
Generating RTLIL representation for module `\SDP'.
Generating RTLIL representation for module `\SDPX9'.
Generating RTLIL representation for module `\DP'.
Generating RTLIL representation for module `\DPX9'.
Generating RTLIL representation for module `\rPLL'.
Generating RTLIL representation for module `\PLLVR'.
Generating RTLIL representation for module `\OSC'.
Generating RTLIL representation for module `\OSCZ'.
Generating RTLIL representation for module `\OSCF'.
Generating RTLIL representation for module `\OSCH'.
Successfully finished Verilog frontend.

2.2. Executing HIERARCHY pass (managing design hierarchy).

2.2.1. Analyzing design hierarchy..
Top module:  \gray_to_binary_leds

2.2.2. Analyzing design hierarchy..
Top module:  \gray_to_binary_leds
Removed 0 unused modules.

2.3. Executing PROC pass (convert processes to netlists).

2.3.1. Executing PROC_CLEAN pass (remove empty switches from decision trees).
Found and cleaned up 1 empty switch in `\ALU.$proc$C:\Users\achac\OneDrive\Escritorio\Diseno\oss-cad-suite\bin\../share/yosys/gowin/cells_sim.v:661$229'.
Cleaned up 1 empty switch.

2.3.2. Executing PROC_RMDEAD pass (remove dead branches from decision trees).
Marked 1 switch rules as full_case in process $proc$C:\Users\achac\OneDrive\Escritorio\Diseno\oss-cad-suite\bin\../share/yosys/gowin/cells_sim.v:535$225 in module DFFNCE.
Marked 1 switch rules as full_case in process $proc$C:\Users\achac\OneDrive\Escritorio\Diseno\oss-cad-suite\bin\../share/yosys/gowin/cells_sim.v:515$223 in module DFFNC.
Marked 1 switch rules as full_case in process $proc$C:\Users\achac\OneDrive\Escritorio\Diseno\oss-cad-suite\bin\../share/yosys/gowin/cells_sim.v:496$221 in module DFFNPE.
Marked 1 switch rules as full_case in process $proc$C:\Users\achac\OneDrive\Escritorio\Diseno\oss-cad-suite\bin\../share/yosys/gowin/cells_sim.v:476$219 in module DFFNP.
Marked 1 switch rules as full_case in process $proc$C:\Users\achac\OneDrive\Escritorio\Diseno\oss-cad-suite\bin\../share/yosys/gowin/cells_sim.v:457$217 in module DFFNRE.
Marked 1 switch rules as full_case in process $proc$C:\Users\achac\OneDrive\Escritorio\Diseno\oss-cad-suite\bin\../share/yosys/gowin/cells_sim.v:437$215 in module DFFNR.
Marked 1 switch rules as full_case in process $proc$C:\Users\achac\OneDrive\Escritorio\Diseno\oss-cad-suite\bin\../share/yosys/gowin/cells_sim.v:418$213 in module DFFNSE.
Marked 1 switch rules as full_case in process $proc$C:\Users\achac\OneDrive\Escritorio\Diseno\oss-cad-suite\bin\../share/yosys/gowin/cells_sim.v:398$211 in module DFFNS.
Marked 1 switch rules as full_case in process $proc$C:\Users\achac\OneDrive\Escritorio\Diseno\oss-cad-suite\bin\../share/yosys/gowin/cells_sim.v:348$205 in module DFFCE.
Marked 1 switch rules as full_case in process $proc$C:\Users\achac\OneDrive\Escritorio\Diseno\oss-cad-suite\bin\../share/yosys/gowin/cells_sim.v:328$203 in module DFFC.
Marked 1 switch rules as full_case in process $proc$C:\Users\achac\OneDrive\Escritorio\Diseno\oss-cad-suite\bin\../share/yosys/gowin/cells_sim.v:309$201 in module DFFPE.
Marked 1 switch rules as full_case in process $proc$C:\Users\achac\OneDrive\Escritorio\Diseno\oss-cad-suite\bin\../share/yosys/gowin/cells_sim.v:289$199 in module DFFP.
Marked 1 switch rules as full_case in process $proc$C:\Users\achac\OneDrive\Escritorio\Diseno\oss-cad-suite\bin\../share/yosys/gowin/cells_sim.v:270$197 in module DFFRE.
Marked 1 switch rules as full_case in process $proc$C:\Users\achac\OneDrive\Escritorio\Diseno\oss-cad-suite\bin\../share/yosys/gowin/cells_sim.v:250$195 in module DFFR.
Marked 1 switch rules as full_case in process $proc$C:\Users\achac\OneDrive\Escritorio\Diseno\oss-cad-suite\bin\../share/yosys/gowin/cells_sim.v:231$193 in module DFFSE.
Marked 1 switch rules as full_case in process $proc$C:\Users\achac\OneDrive\Escritorio\Diseno\oss-cad-suite\bin\../share/yosys/gowin/cells_sim.v:211$191 in module DFFS.
Removed a total of 0 dead cases.

2.3.3. Executing PROC_PRUNE pass (remove redundant assignments in processes).
Removed 8 redundant assignments.
Promoted 26 assignments to connections.

2.3.4. Executing PROC_INIT pass (extract init attributes).
Found init rule in `\DFFNCE.$proc$C:\Users\achac\OneDrive\Escritorio\Diseno\oss-cad-suite\bin\../share/yosys/gowin/cells_sim.v:0$226'.
  Set init value: \Q = 1'0
Found init rule in `\DFFNC.$proc$C:\Users\achac\OneDrive\Escritorio\Diseno\oss-cad-suite\bin\../share/yosys/gowin/cells_sim.v:0$224'.
  Set init value: \Q = 1'0
Found init rule in `\DFFNPE.$proc$C:\Users\achac\OneDrive\Escritorio\Diseno\oss-cad-suite\bin\../share/yosys/gowin/cells_sim.v:0$222'.
  Set init value: \Q = 1'1
Found init rule in `\DFFNP.$proc$C:\Users\achac\OneDrive\Escritorio\Diseno\oss-cad-suite\bin\../share/yosys/gowin/cells_sim.v:0$220'.
  Set init value: \Q = 1'1
Found init rule in `\DFFNRE.$proc$C:\Users\achac\OneDrive\Escritorio\Diseno\oss-cad-suite\bin\../share/yosys/gowin/cells_sim.v:0$218'.
  Set init value: \Q = 1'0
Found init rule in `\DFFNR.$proc$C:\Users\achac\OneDrive\Escritorio\Diseno\oss-cad-suite\bin\../share/yosys/gowin/cells_sim.v:0$216'.
  Set init value: \Q = 1'0
Found init rule in `\DFFNSE.$proc$C:\Users\achac\OneDrive\Escritorio\Diseno\oss-cad-suite\bin\../share/yosys/gowin/cells_sim.v:0$214'.
  Set init value: \Q = 1'1
Found init rule in `\DFFNS.$proc$C:\Users\achac\OneDrive\Escritorio\Diseno\oss-cad-suite\bin\../share/yosys/gowin/cells_sim.v:0$212'.
  Set init value: \Q = 1'1
Found init rule in `\DFFNE.$proc$C:\Users\achac\OneDrive\Escritorio\Diseno\oss-cad-suite\bin\../share/yosys/gowin/cells_sim.v:0$210'.
  Set init value: \Q = 1'0
Found init rule in `\DFFN.$proc$C:\Users\achac\OneDrive\Escritorio\Diseno\oss-cad-suite\bin\../share/yosys/gowin/cells_sim.v:0$208'.
  Set init value: \Q = 1'0
Found init rule in `\DFFCE.$proc$C:\Users\achac\OneDrive\Escritorio\Diseno\oss-cad-suite\bin\../share/yosys/gowin/cells_sim.v:0$206'.
  Set init value: \Q = 1'0
Found init rule in `\DFFC.$proc$C:\Users\achac\OneDrive\Escritorio\Diseno\oss-cad-suite\bin\../share/yosys/gowin/cells_sim.v:0$204'.
  Set init value: \Q = 1'0
Found init rule in `\DFFPE.$proc$C:\Users\achac\OneDrive\Escritorio\Diseno\oss-cad-suite\bin\../share/yosys/gowin/cells_sim.v:0$202'.
  Set init value: \Q = 1'1
Found init rule in `\DFFP.$proc$C:\Users\achac\OneDrive\Escritorio\Diseno\oss-cad-suite\bin\../share/yosys/gowin/cells_sim.v:0$200'.
  Set init value: \Q = 1'1
Found init rule in `\DFFRE.$proc$C:\Users\achac\OneDrive\Escritorio\Diseno\oss-cad-suite\bin\../share/yosys/gowin/cells_sim.v:0$198'.
  Set init value: \Q = 1'0
Found init rule in `\DFFR.$proc$C:\Users\achac\OneDrive\Escritorio\Diseno\oss-cad-suite\bin\../share/yosys/gowin/cells_sim.v:0$196'.
  Set init value: \Q = 1'0
Found init rule in `\DFFSE.$proc$C:\Users\achac\OneDrive\Escritorio\Diseno\oss-cad-suite\bin\../share/yosys/gowin/cells_sim.v:0$194'.
  Set init value: \Q = 1'1
Found init rule in `\DFFS.$proc$C:\Users\achac\OneDrive\Escritorio\Diseno\oss-cad-suite\bin\../share/yosys/gowin/cells_sim.v:0$192'.
  Set init value: \Q = 1'1
Found init rule in `\DFFE.$proc$C:\Users\achac\OneDrive\Escritorio\Diseno\oss-cad-suite\bin\../share/yosys/gowin/cells_sim.v:0$190'.
  Set init value: \Q = 1'0
Found init rule in `\DFF.$proc$C:\Users\achac\OneDrive\Escritorio\Diseno\oss-cad-suite\bin\../share/yosys/gowin/cells_sim.v:0$188'.
  Set init value: \Q = 1'0

2.3.5. Executing PROC_ARST pass (detect async resets in processes).
Found async reset \CLEAR in `\DFFNCE.$proc$C:\Users\achac\OneDrive\Escritorio\Diseno\oss-cad-suite\bin\../share/yosys/gowin/cells_sim.v:535$225'.
Found async reset \CLEAR in `\DFFNC.$proc$C:\Users\achac\OneDrive\Escritorio\Diseno\oss-cad-suite\bin\../share/yosys/gowin/cells_sim.v:515$223'.
Found async reset \PRESET in `\DFFNPE.$proc$C:\Users\achac\OneDrive\Escritorio\Diseno\oss-cad-suite\bin\../share/yosys/gowin/cells_sim.v:496$221'.
Found async reset \PRESET in `\DFFNP.$proc$C:\Users\achac\OneDrive\Escritorio\Diseno\oss-cad-suite\bin\../share/yosys/gowin/cells_sim.v:476$219'.
Found async reset \CLEAR in `\DFFCE.$proc$C:\Users\achac\OneDrive\Escritorio\Diseno\oss-cad-suite\bin\../share/yosys/gowin/cells_sim.v:348$205'.
Found async reset \CLEAR in `\DFFC.$proc$C:\Users\achac\OneDrive\Escritorio\Diseno\oss-cad-suite\bin\../share/yosys/gowin/cells_sim.v:328$203'.
Found async reset \PRESET in `\DFFPE.$proc$C:\Users\achac\OneDrive\Escritorio\Diseno\oss-cad-suite\bin\../share/yosys/gowin/cells_sim.v:309$201'.
Found async reset \PRESET in `\DFFP.$proc$C:\Users\achac\OneDrive\Escritorio\Diseno\oss-cad-suite\bin\../share/yosys/gowin/cells_sim.v:289$199'.

2.3.6. Executing PROC_ROM pass (convert switches to ROMs).
Converted 0 switches.
<suppressed ~18 debug messages>

2.3.7. Executing PROC_MUX pass (convert decision trees to multiplexers).
Creating decoders for process `\ALU.$proc$C:\Users\achac\OneDrive\Escritorio\Diseno\oss-cad-suite\bin\../share/yosys/gowin/cells_sim.v:661$229'.
Creating decoders for process `\DFFNCE.$proc$C:\Users\achac\OneDrive\Escritorio\Diseno\oss-cad-suite\bin\../share/yosys/gowin/cells_sim.v:0$226'.
Creating decoders for process `\DFFNCE.$proc$C:\Users\achac\OneDrive\Escritorio\Diseno\oss-cad-suite\bin\../share/yosys/gowin/cells_sim.v:535$225'.
     1/1: $0\Q[0:0]
Creating decoders for process `\DFFNC.$proc$C:\Users\achac\OneDrive\Escritorio\Diseno\oss-cad-suite\bin\../share/yosys/gowin/cells_sim.v:0$224'.
Creating decoders for process `\DFFNC.$proc$C:\Users\achac\OneDrive\Escritorio\Diseno\oss-cad-suite\bin\../share/yosys/gowin/cells_sim.v:515$223'.
     1/1: $0\Q[0:0]
Creating decoders for process `\DFFNPE.$proc$C:\Users\achac\OneDrive\Escritorio\Diseno\oss-cad-suite\bin\../share/yosys/gowin/cells_sim.v:0$222'.
Creating decoders for process `\DFFNPE.$proc$C:\Users\achac\OneDrive\Escritorio\Diseno\oss-cad-suite\bin\../share/yosys/gowin/cells_sim.v:496$221'.
     1/1: $0\Q[0:0]
Creating decoders for process `\DFFNP.$proc$C:\Users\achac\OneDrive\Escritorio\Diseno\oss-cad-suite\bin\../share/yosys/gowin/cells_sim.v:0$220'.
Creating decoders for process `\DFFNP.$proc$C:\Users\achac\OneDrive\Escritorio\Diseno\oss-cad-suite\bin\../share/yosys/gowin/cells_sim.v:476$219'.
     1/1: $0\Q[0:0]
Creating decoders for process `\DFFNRE.$proc$C:\Users\achac\OneDrive\Escritorio\Diseno\oss-cad-suite\bin\../share/yosys/gowin/cells_sim.v:0$218'.
Creating decoders for process `\DFFNRE.$proc$C:\Users\achac\OneDrive\Escritorio\Diseno\oss-cad-suite\bin\../share/yosys/gowin/cells_sim.v:457$217'.
     1/1: $0\Q[0:0]
Creating decoders for process `\DFFNR.$proc$C:\Users\achac\OneDrive\Escritorio\Diseno\oss-cad-suite\bin\../share/yosys/gowin/cells_sim.v:0$216'.
Creating decoders for process `\DFFNR.$proc$C:\Users\achac\OneDrive\Escritorio\Diseno\oss-cad-suite\bin\../share/yosys/gowin/cells_sim.v:437$215'.
     1/1: $0\Q[0:0]
Creating decoders for process `\DFFNSE.$proc$C:\Users\achac\OneDrive\Escritorio\Diseno\oss-cad-suite\bin\../share/yosys/gowin/cells_sim.v:0$214'.
Creating decoders for process `\DFFNSE.$proc$C:\Users\achac\OneDrive\Escritorio\Diseno\oss-cad-suite\bin\../share/yosys/gowin/cells_sim.v:418$213'.
     1/1: $0\Q[0:0]
Creating decoders for process `\DFFNS.$proc$C:\Users\achac\OneDrive\Escritorio\Diseno\oss-cad-suite\bin\../share/yosys/gowin/cells_sim.v:0$212'.
Creating decoders for process `\DFFNS.$proc$C:\Users\achac\OneDrive\Escritorio\Diseno\oss-cad-suite\bin\../share/yosys/gowin/cells_sim.v:398$211'.
     1/1: $0\Q[0:0]
Creating decoders for process `\DFFNE.$proc$C:\Users\achac\OneDrive\Escritorio\Diseno\oss-cad-suite\bin\../share/yosys/gowin/cells_sim.v:0$210'.
Creating decoders for process `\DFFNE.$proc$C:\Users\achac\OneDrive\Escritorio\Diseno\oss-cad-suite\bin\../share/yosys/gowin/cells_sim.v:381$209'.
     1/1: $0\Q[0:0]
Creating decoders for process `\DFFN.$proc$C:\Users\achac\OneDrive\Escritorio\Diseno\oss-cad-suite\bin\../share/yosys/gowin/cells_sim.v:0$208'.
Creating decoders for process `\DFFN.$proc$C:\Users\achac\OneDrive\Escritorio\Diseno\oss-cad-suite\bin\../share/yosys/gowin/cells_sim.v:366$207'.
Creating decoders for process `\DFFCE.$proc$C:\Users\achac\OneDrive\Escritorio\Diseno\oss-cad-suite\bin\../share/yosys/gowin/cells_sim.v:0$206'.
Creating decoders for process `\DFFCE.$proc$C:\Users\achac\OneDrive\Escritorio\Diseno\oss-cad-suite\bin\../share/yosys/gowin/cells_sim.v:348$205'.
     1/1: $0\Q[0:0]
Creating decoders for process `\DFFC.$proc$C:\Users\achac\OneDrive\Escritorio\Diseno\oss-cad-suite\bin\../share/yosys/gowin/cells_sim.v:0$204'.
Creating decoders for process `\DFFC.$proc$C:\Users\achac\OneDrive\Escritorio\Diseno\oss-cad-suite\bin\../share/yosys/gowin/cells_sim.v:328$203'.
     1/1: $0\Q[0:0]
Creating decoders for process `\DFFPE.$proc$C:\Users\achac\OneDrive\Escritorio\Diseno\oss-cad-suite\bin\../share/yosys/gowin/cells_sim.v:0$202'.
Creating decoders for process `\DFFPE.$proc$C:\Users\achac\OneDrive\Escritorio\Diseno\oss-cad-suite\bin\../share/yosys/gowin/cells_sim.v:309$201'.
     1/1: $0\Q[0:0]
Creating decoders for process `\DFFP.$proc$C:\Users\achac\OneDrive\Escritorio\Diseno\oss-cad-suite\bin\../share/yosys/gowin/cells_sim.v:0$200'.
Creating decoders for process `\DFFP.$proc$C:\Users\achac\OneDrive\Escritorio\Diseno\oss-cad-suite\bin\../share/yosys/gowin/cells_sim.v:289$199'.
     1/1: $0\Q[0:0]
Creating decoders for process `\DFFRE.$proc$C:\Users\achac\OneDrive\Escritorio\Diseno\oss-cad-suite\bin\../share/yosys/gowin/cells_sim.v:0$198'.
Creating decoders for process `\DFFRE.$proc$C:\Users\achac\OneDrive\Escritorio\Diseno\oss-cad-suite\bin\../share/yosys/gowin/cells_sim.v:270$197'.
     1/1: $0\Q[0:0]
Creating decoders for process `\DFFR.$proc$C:\Users\achac\OneDrive\Escritorio\Diseno\oss-cad-suite\bin\../share/yosys/gowin/cells_sim.v:0$196'.
Creating decoders for process `\DFFR.$proc$C:\Users\achac\OneDrive\Escritorio\Diseno\oss-cad-suite\bin\../share/yosys/gowin/cells_sim.v:250$195'.
     1/1: $0\Q[0:0]
Creating decoders for process `\DFFSE.$proc$C:\Users\achac\OneDrive\Escritorio\Diseno\oss-cad-suite\bin\../share/yosys/gowin/cells_sim.v:0$194'.
Creating decoders for process `\DFFSE.$proc$C:\Users\achac\OneDrive\Escritorio\Diseno\oss-cad-suite\bin\../share/yosys/gowin/cells_sim.v:231$193'.
     1/1: $0\Q[0:0]
Creating decoders for process `\DFFS.$proc$C:\Users\achac\OneDrive\Escritorio\Diseno\oss-cad-suite\bin\../share/yosys/gowin/cells_sim.v:0$192'.
Creating decoders for process `\DFFS.$proc$C:\Users\achac\OneDrive\Escritorio\Diseno\oss-cad-suite\bin\../share/yosys/gowin/cells_sim.v:211$191'.
     1/1: $0\Q[0:0]
Creating decoders for process `\DFFE.$proc$C:\Users\achac\OneDrive\Escritorio\Diseno\oss-cad-suite\bin\../share/yosys/gowin/cells_sim.v:0$190'.
Creating decoders for process `\DFFE.$proc$C:\Users\achac\OneDrive\Escritorio\Diseno\oss-cad-suite\bin\../share/yosys/gowin/cells_sim.v:194$189'.
     1/1: $0\Q[0:0]
Creating decoders for process `\DFF.$proc$C:\Users\achac\OneDrive\Escritorio\Diseno\oss-cad-suite\bin\../share/yosys/gowin/cells_sim.v:0$188'.
Creating decoders for process `\DFF.$proc$C:\Users\achac\OneDrive\Escritorio\Diseno\oss-cad-suite\bin\../share/yosys/gowin/cells_sim.v:179$187'.

2.3.8. Executing PROC_DLATCH pass (convert process syncs to latches).

2.3.9. Executing PROC_DFF pass (convert process syncs to FFs).
Creating register for signal `\ALU.\C' using process `\ALU.$proc$C:\Users\achac\OneDrive\Escritorio\Diseno\oss-cad-suite\bin\../share/yosys/gowin/cells_sim.v:661$229'.
  created direct connection (no actual register cell created).
Creating register for signal `\ALU.\S' using process `\ALU.$proc$C:\Users\achac\OneDrive\Escritorio\Diseno\oss-cad-suite\bin\../share/yosys/gowin/cells_sim.v:661$229'.
  created direct connection (no actual register cell created).
Creating register for signal `\DFFNCE.\Q' using process `\DFFNCE.$proc$C:\Users\achac\OneDrive\Escritorio\Diseno\oss-cad-suite\bin\../share/yosys/gowin/cells_sim.v:535$225'.
  created $adff cell `$procdff$317' with negative edge clock and positive level reset.
Creating register for signal `\DFFNC.\Q' using process `\DFFNC.$proc$C:\Users\achac\OneDrive\Escritorio\Diseno\oss-cad-suite\bin\../share/yosys/gowin/cells_sim.v:515$223'.
  created $adff cell `$procdff$318' with negative edge clock and positive level reset.
Creating register for signal `\DFFNPE.\Q' using process `\DFFNPE.$proc$C:\Users\achac\OneDrive\Escritorio\Diseno\oss-cad-suite\bin\../share/yosys/gowin/cells_sim.v:496$221'.
  created $adff cell `$procdff$319' with negative edge clock and positive level reset.
Creating register for signal `\DFFNP.\Q' using process `\DFFNP.$proc$C:\Users\achac\OneDrive\Escritorio\Diseno\oss-cad-suite\bin\../share/yosys/gowin/cells_sim.v:476$219'.
  created $adff cell `$procdff$320' with negative edge clock and positive level reset.
Creating register for signal `\DFFNRE.\Q' using process `\DFFNRE.$proc$C:\Users\achac\OneDrive\Escritorio\Diseno\oss-cad-suite\bin\../share/yosys/gowin/cells_sim.v:457$217'.
  created $dff cell `$procdff$321' with negative edge clock.
Creating register for signal `\DFFNR.\Q' using process `\DFFNR.$proc$C:\Users\achac\OneDrive\Escritorio\Diseno\oss-cad-suite\bin\../share/yosys/gowin/cells_sim.v:437$215'.
  created $dff cell `$procdff$322' with negative edge clock.
Creating register for signal `\DFFNSE.\Q' using process `\DFFNSE.$proc$C:\Users\achac\OneDrive\Escritorio\Diseno\oss-cad-suite\bin\../share/yosys/gowin/cells_sim.v:418$213'.
  created $dff cell `$procdff$323' with negative edge clock.
Creating register for signal `\DFFNS.\Q' using process `\DFFNS.$proc$C:\Users\achac\OneDrive\Escritorio\Diseno\oss-cad-suite\bin\../share/yosys/gowin/cells_sim.v:398$211'.
  created $dff cell `$procdff$324' with negative edge clock.
Creating register for signal `\DFFNE.\Q' using process `\DFFNE.$proc$C:\Users\achac\OneDrive\Escritorio\Diseno\oss-cad-suite\bin\../share/yosys/gowin/cells_sim.v:381$209'.
  created $dff cell `$procdff$325' with negative edge clock.
Creating register for signal `\DFFN.\Q' using process `\DFFN.$proc$C:\Users\achac\OneDrive\Escritorio\Diseno\oss-cad-suite\bin\../share/yosys/gowin/cells_sim.v:366$207'.
  created $dff cell `$procdff$326' with negative edge clock.
Creating register for signal `\DFFCE.\Q' using process `\DFFCE.$proc$C:\Users\achac\OneDrive\Escritorio\Diseno\oss-cad-suite\bin\../share/yosys/gowin/cells_sim.v:348$205'.
  created $adff cell `$procdff$327' with positive edge clock and positive level reset.
Creating register for signal `\DFFC.\Q' using process `\DFFC.$proc$C:\Users\achac\OneDrive\Escritorio\Diseno\oss-cad-suite\bin\../share/yosys/gowin/cells_sim.v:328$203'.
  created $adff cell `$procdff$328' with positive edge clock and positive level reset.
Creating register for signal `\DFFPE.\Q' using process `\DFFPE.$proc$C:\Users\achac\OneDrive\Escritorio\Diseno\oss-cad-suite\bin\../share/yosys/gowin/cells_sim.v:309$201'.
  created $adff cell `$procdff$329' with positive edge clock and positive level reset.
Creating register for signal `\DFFP.\Q' using process `\DFFP.$proc$C:\Users\achac\OneDrive\Escritorio\Diseno\oss-cad-suite\bin\../share/yosys/gowin/cells_sim.v:289$199'.
  created $adff cell `$procdff$330' with positive edge clock and positive level reset.
Creating register for signal `\DFFRE.\Q' using process `\DFFRE.$proc$C:\Users\achac\OneDrive\Escritorio\Diseno\oss-cad-suite\bin\../share/yosys/gowin/cells_sim.v:270$197'.
  created $dff cell `$procdff$331' with positive edge clock.
Creating register for signal `\DFFR.\Q' using process `\DFFR.$proc$C:\Users\achac\OneDrive\Escritorio\Diseno\oss-cad-suite\bin\../share/yosys/gowin/cells_sim.v:250$195'.
  created $dff cell `$procdff$332' with positive edge clock.
Creating register for signal `\DFFSE.\Q' using process `\DFFSE.$proc$C:\Users\achac\OneDrive\Escritorio\Diseno\oss-cad-suite\bin\../share/yosys/gowin/cells_sim.v:231$193'.
  created $dff cell `$procdff$333' with positive edge clock.
Creating register for signal `\DFFS.\Q' using process `\DFFS.$proc$C:\Users\achac\OneDrive\Escritorio\Diseno\oss-cad-suite\bin\../share/yosys/gowin/cells_sim.v:211$191'.
  created $dff cell `$procdff$334' with positive edge clock.
Creating register for signal `\DFFE.\Q' using process `\DFFE.$proc$C:\Users\achac\OneDrive\Escritorio\Diseno\oss-cad-suite\bin\../share/yosys/gowin/cells_sim.v:194$189'.
  created $dff cell `$procdff$335' with positive edge clock.
Creating register for signal `\DFF.\Q' using process `\DFF.$proc$C:\Users\achac\OneDrive\Escritorio\Diseno\oss-cad-suite\bin\../share/yosys/gowin/cells_sim.v:179$187'.
  created $dff cell `$procdff$336' with positive edge clock.

2.3.10. Executing PROC_MEMWR pass (convert process memory writes to cells).

2.3.11. Executing PROC_CLEAN pass (remove empty switches from decision trees).
Removing empty process `ALU.$proc$C:\Users\achac\OneDrive\Escritorio\Diseno\oss-cad-suite\bin\../share/yosys/gowin/cells_sim.v:661$229'.
Removing empty process `DFFNCE.$proc$C:\Users\achac\OneDrive\Escritorio\Diseno\oss-cad-suite\bin\../share/yosys/gowin/cells_sim.v:0$226'.
Found and cleaned up 1 empty switch in `\DFFNCE.$proc$C:\Users\achac\OneDrive\Escritorio\Diseno\oss-cad-suite\bin\../share/yosys/gowin/cells_sim.v:535$225'.
Removing empty process `DFFNCE.$proc$C:\Users\achac\OneDrive\Escritorio\Diseno\oss-cad-suite\bin\../share/yosys/gowin/cells_sim.v:535$225'.
Removing empty process `DFFNC.$proc$C:\Users\achac\OneDrive\Escritorio\Diseno\oss-cad-suite\bin\../share/yosys/gowin/cells_sim.v:0$224'.
Removing empty process `DFFNC.$proc$C:\Users\achac\OneDrive\Escritorio\Diseno\oss-cad-suite\bin\../share/yosys/gowin/cells_sim.v:515$223'.
Removing empty process `DFFNPE.$proc$C:\Users\achac\OneDrive\Escritorio\Diseno\oss-cad-suite\bin\../share/yosys/gowin/cells_sim.v:0$222'.
Found and cleaned up 1 empty switch in `\DFFNPE.$proc$C:\Users\achac\OneDrive\Escritorio\Diseno\oss-cad-suite\bin\../share/yosys/gowin/cells_sim.v:496$221'.
Removing empty process `DFFNPE.$proc$C:\Users\achac\OneDrive\Escritorio\Diseno\oss-cad-suite\bin\../share/yosys/gowin/cells_sim.v:496$221'.
Removing empty process `DFFNP.$proc$C:\Users\achac\OneDrive\Escritorio\Diseno\oss-cad-suite\bin\../share/yosys/gowin/cells_sim.v:0$220'.
Removing empty process `DFFNP.$proc$C:\Users\achac\OneDrive\Escritorio\Diseno\oss-cad-suite\bin\../share/yosys/gowin/cells_sim.v:476$219'.
Removing empty process `DFFNRE.$proc$C:\Users\achac\OneDrive\Escritorio\Diseno\oss-cad-suite\bin\../share/yosys/gowin/cells_sim.v:0$218'.
Found and cleaned up 2 empty switches in `\DFFNRE.$proc$C:\Users\achac\OneDrive\Escritorio\Diseno\oss-cad-suite\bin\../share/yosys/gowin/cells_sim.v:457$217'.
Removing empty process `DFFNRE.$proc$C:\Users\achac\OneDrive\Escritorio\Diseno\oss-cad-suite\bin\../share/yosys/gowin/cells_sim.v:457$217'.
Removing empty process `DFFNR.$proc$C:\Users\achac\OneDrive\Escritorio\Diseno\oss-cad-suite\bin\../share/yosys/gowin/cells_sim.v:0$216'.
Found and cleaned up 1 empty switch in `\DFFNR.$proc$C:\Users\achac\OneDrive\Escritorio\Diseno\oss-cad-suite\bin\../share/yosys/gowin/cells_sim.v:437$215'.
Removing empty process `DFFNR.$proc$C:\Users\achac\OneDrive\Escritorio\Diseno\oss-cad-suite\bin\../share/yosys/gowin/cells_sim.v:437$215'.
Removing empty process `DFFNSE.$proc$C:\Users\achac\OneDrive\Escritorio\Diseno\oss-cad-suite\bin\../share/yosys/gowin/cells_sim.v:0$214'.
Found and cleaned up 2 empty switches in `\DFFNSE.$proc$C:\Users\achac\OneDrive\Escritorio\Diseno\oss-cad-suite\bin\../share/yosys/gowin/cells_sim.v:418$213'.
Removing empty process `DFFNSE.$proc$C:\Users\achac\OneDrive\Escritorio\Diseno\oss-cad-suite\bin\../share/yosys/gowin/cells_sim.v:418$213'.
Removing empty process `DFFNS.$proc$C:\Users\achac\OneDrive\Escritorio\Diseno\oss-cad-suite\bin\../share/yosys/gowin/cells_sim.v:0$212'.
Found and cleaned up 1 empty switch in `\DFFNS.$proc$C:\Users\achac\OneDrive\Escritorio\Diseno\oss-cad-suite\bin\../share/yosys/gowin/cells_sim.v:398$211'.
Removing empty process `DFFNS.$proc$C:\Users\achac\OneDrive\Escritorio\Diseno\oss-cad-suite\bin\../share/yosys/gowin/cells_sim.v:398$211'.
Removing empty process `DFFNE.$proc$C:\Users\achac\OneDrive\Escritorio\Diseno\oss-cad-suite\bin\../share/yosys/gowin/cells_sim.v:0$210'.
Found and cleaned up 1 empty switch in `\DFFNE.$proc$C:\Users\achac\OneDrive\Escritorio\Diseno\oss-cad-suite\bin\../share/yosys/gowin/cells_sim.v:381$209'.
Removing empty process `DFFNE.$proc$C:\Users\achac\OneDrive\Escritorio\Diseno\oss-cad-suite\bin\../share/yosys/gowin/cells_sim.v:381$209'.
Removing empty process `DFFN.$proc$C:\Users\achac\OneDrive\Escritorio\Diseno\oss-cad-suite\bin\../share/yosys/gowin/cells_sim.v:0$208'.
Removing empty process `DFFN.$proc$C:\Users\achac\OneDrive\Escritorio\Diseno\oss-cad-suite\bin\../share/yosys/gowin/cells_sim.v:366$207'.
Removing empty process `DFFCE.$proc$C:\Users\achac\OneDrive\Escritorio\Diseno\oss-cad-suite\bin\../share/yosys/gowin/cells_sim.v:0$206'.
Found and cleaned up 1 empty switch in `\DFFCE.$proc$C:\Users\achac\OneDrive\Escritorio\Diseno\oss-cad-suite\bin\../share/yosys/gowin/cells_sim.v:348$205'.
Removing empty process `DFFCE.$proc$C:\Users\achac\OneDrive\Escritorio\Diseno\oss-cad-suite\bin\../share/yosys/gowin/cells_sim.v:348$205'.
Removing empty process `DFFC.$proc$C:\Users\achac\OneDrive\Escritorio\Diseno\oss-cad-suite\bin\../share/yosys/gowin/cells_sim.v:0$204'.
Removing empty process `DFFC.$proc$C:\Users\achac\OneDrive\Escritorio\Diseno\oss-cad-suite\bin\../share/yosys/gowin/cells_sim.v:328$203'.
Removing empty process `DFFPE.$proc$C:\Users\achac\OneDrive\Escritorio\Diseno\oss-cad-suite\bin\../share/yosys/gowin/cells_sim.v:0$202'.
Found and cleaned up 1 empty switch in `\DFFPE.$proc$C:\Users\achac\OneDrive\Escritorio\Diseno\oss-cad-suite\bin\../share/yosys/gowin/cells_sim.v:309$201'.
Removing empty process `DFFPE.$proc$C:\Users\achac\OneDrive\Escritorio\Diseno\oss-cad-suite\bin\../share/yosys/gowin/cells_sim.v:309$201'.
Removing empty process `DFFP.$proc$C:\Users\achac\OneDrive\Escritorio\Diseno\oss-cad-suite\bin\../share/yosys/gowin/cells_sim.v:0$200'.
Removing empty process `DFFP.$proc$C:\Users\achac\OneDrive\Escritorio\Diseno\oss-cad-suite\bin\../share/yosys/gowin/cells_sim.v:289$199'.
Removing empty process `DFFRE.$proc$C:\Users\achac\OneDrive\Escritorio\Diseno\oss-cad-suite\bin\../share/yosys/gowin/cells_sim.v:0$198'.
Found and cleaned up 2 empty switches in `\DFFRE.$proc$C:\Users\achac\OneDrive\Escritorio\Diseno\oss-cad-suite\bin\../share/yosys/gowin/cells_sim.v:270$197'.
Removing empty process `DFFRE.$proc$C:\Users\achac\OneDrive\Escritorio\Diseno\oss-cad-suite\bin\../share/yosys/gowin/cells_sim.v:270$197'.
Removing empty process `DFFR.$proc$C:\Users\achac\OneDrive\Escritorio\Diseno\oss-cad-suite\bin\../share/yosys/gowin/cells_sim.v:0$196'.
Found and cleaned up 1 empty switch in `\DFFR.$proc$C:\Users\achac\OneDrive\Escritorio\Diseno\oss-cad-suite\bin\../share/yosys/gowin/cells_sim.v:250$195'.
Removing empty process `DFFR.$proc$C:\Users\achac\OneDrive\Escritorio\Diseno\oss-cad-suite\bin\../share/yosys/gowin/cells_sim.v:250$195'.
Removing empty process `DFFSE.$proc$C:\Users\achac\OneDrive\Escritorio\Diseno\oss-cad-suite\bin\../share/yosys/gowin/cells_sim.v:0$194'.
Found and cleaned up 2 empty switches in `\DFFSE.$proc$C:\Users\achac\OneDrive\Escritorio\Diseno\oss-cad-suite\bin\../share/yosys/gowin/cells_sim.v:231$193'.
Removing empty process `DFFSE.$proc$C:\Users\achac\OneDrive\Escritorio\Diseno\oss-cad-suite\bin\../share/yosys/gowin/cells_sim.v:231$193'.
Removing empty process `DFFS.$proc$C:\Users\achac\OneDrive\Escritorio\Diseno\oss-cad-suite\bin\../share/yosys/gowin/cells_sim.v:0$192'.
Found and cleaned up 1 empty switch in `\DFFS.$proc$C:\Users\achac\OneDrive\Escritorio\Diseno\oss-cad-suite\bin\../share/yosys/gowin/cells_sim.v:211$191'.
Removing empty process `DFFS.$proc$C:\Users\achac\OneDrive\Escritorio\Diseno\oss-cad-suite\bin\../share/yosys/gowin/cells_sim.v:211$191'.
Removing empty process `DFFE.$proc$C:\Users\achac\OneDrive\Escritorio\Diseno\oss-cad-suite\bin\../share/yosys/gowin/cells_sim.v:0$190'.
Found and cleaned up 1 empty switch in `\DFFE.$proc$C:\Users\achac\OneDrive\Escritorio\Diseno\oss-cad-suite\bin\../share/yosys/gowin/cells_sim.v:194$189'.
Removing empty process `DFFE.$proc$C:\Users\achac\OneDrive\Escritorio\Diseno\oss-cad-suite\bin\../share/yosys/gowin/cells_sim.v:194$189'.
Removing empty process `DFF.$proc$C:\Users\achac\OneDrive\Escritorio\Diseno\oss-cad-suite\bin\../share/yosys/gowin/cells_sim.v:0$188'.
Removing empty process `DFF.$proc$C:\Users\achac\OneDrive\Escritorio\Diseno\oss-cad-suite\bin\../share/yosys/gowin/cells_sim.v:179$187'.
Cleaned up 18 empty switches.

2.3.12. Executing OPT_EXPR pass (perform const folding).
Optimizing module gray_to_binary_leds.

2.4. Executing FLATTEN pass (flatten design).

2.5. Executing TRIBUF pass.

2.6. Executing DEMINOUT pass (demote inout ports to input or output).

2.7. Executing SYNTH pass.

2.7.1. Executing PROC pass (convert processes to netlists).

2.7.1.1. Executing PROC_CLEAN pass (remove empty switches from decision trees).
Cleaned up 0 empty switches.

2.7.1.2. Executing PROC_RMDEAD pass (remove dead branches from decision trees).
Removed a total of 0 dead cases.

2.7.1.3. Executing PROC_PRUNE pass (remove redundant assignments in processes).
Removed 0 redundant assignments.
Promoted 0 assignments to connections.

2.7.1.4. Executing PROC_INIT pass (extract init attributes).

2.7.1.5. Executing PROC_ARST pass (detect async resets in processes).

2.7.1.6. Executing PROC_ROM pass (convert switches to ROMs).
Converted 0 switches.

2.7.1.7. Executing PROC_MUX pass (convert decision trees to multiplexers).

2.7.1.8. Executing PROC_DLATCH pass (convert process syncs to latches).

2.7.1.9. Executing PROC_DFF pass (convert process syncs to FFs).

2.7.1.10. Executing PROC_MEMWR pass (convert process memory writes to cells).

2.7.1.11. Executing PROC_CLEAN pass (remove empty switches from decision trees).
Cleaned up 0 empty switches.

2.7.1.12. Executing OPT_EXPR pass (perform const folding).
Optimizing module gray_to_binary_leds.

2.7.2. Executing OPT_EXPR pass (perform const folding).
Optimizing module gray_to_binary_leds.

2.7.3. Executing OPT_CLEAN pass (remove unused cells and wires).
Finding unused cells or wires in module \gray_to_binary_leds..
Removed 0 unused cells and 3 unused wires.
<suppressed ~1 debug messages>

2.7.4. Executing CHECK pass (checking for obvious problems).
Checking module gray_to_binary_leds...
Found and reported 0 problems.

2.7.5. Executing OPT pass (performing simple optimizations).

2.7.5.1. Executing OPT_EXPR pass (perform const folding).
Optimizing module gray_to_binary_leds.

2.7.5.2. Executing OPT_MERGE pass (detect identical cells).
Finding identical cells in module `\gray_to_binary_leds'.
Removed a total of 0 cells.

2.7.5.3. Executing OPT_MUXTREE pass (detect dead branches in mux trees).
Running muxtree optimizer on module \gray_to_binary_leds..
  Creating internal representation of mux trees.
  No muxes found in this module.
Removed 0 multiplexer ports.

2.7.5.4. Executing OPT_REDUCE pass (consolidate $*mux and $reduce_* inputs).
  Optimizing cells in module \gray_to_binary_leds.
Performed a total of 0 changes.

2.7.5.5. Executing OPT_MERGE pass (detect identical cells).
Finding identical cells in module `\gray_to_binary_leds'.
Removed a total of 0 cells.

2.7.5.6. Executing OPT_DFF pass (perform DFF optimizations).

2.7.5.7. Executing OPT_CLEAN pass (remove unused cells and wires).
Finding unused cells or wires in module \gray_to_binary_leds..

2.7.5.8. Executing OPT_EXPR pass (perform const folding).
Optimizing module gray_to_binary_leds.

2.7.5.9. Finished OPT passes. (There is nothing left to do.)

2.7.6. Executing FSM pass (extract and optimize FSM).

2.7.6.1. Executing FSM_DETECT pass (finding FSMs in design).

2.7.6.2. Executing FSM_EXTRACT pass (extracting FSM from design).

2.7.6.3. Executing FSM_OPT pass (simple optimizations of FSMs).

2.7.6.4. Executing OPT_CLEAN pass (remove unused cells and wires).
Finding unused cells or wires in module \gray_to_binary_leds..

2.7.6.5. Executing FSM_OPT pass (simple optimizations of FSMs).

2.7.6.6. Executing FSM_RECODE pass (re-assigning FSM state encoding).

2.7.6.7. Executing FSM_INFO pass (dumping all available information on FSM cells).

2.7.6.8. Executing FSM_MAP pass (mapping FSMs to basic logic).

2.7.7. Executing OPT pass (performing simple optimizations).

2.7.7.1. Executing OPT_EXPR pass (perform const folding).
Optimizing module gray_to_binary_leds.

2.7.7.2. Executing OPT_MERGE pass (detect identical cells).
Finding identical cells in module `\gray_to_binary_leds'.
Removed a total of 0 cells.

2.7.7.3. Executing OPT_MUXTREE pass (detect dead branches in mux trees).
Running muxtree optimizer on module \gray_to_binary_leds..
  Creating internal representation of mux trees.
  No muxes found in this module.
Removed 0 multiplexer ports.

2.7.7.4. Executing OPT_REDUCE pass (consolidate $*mux and $reduce_* inputs).
  Optimizing cells in module \gray_to_binary_leds.
Performed a total of 0 changes.

2.7.7.5. Executing OPT_MERGE pass (detect identical cells).
Finding identical cells in module `\gray_to_binary_leds'.
Removed a total of 0 cells.

2.7.7.6. Executing OPT_DFF pass (perform DFF optimizations).

2.7.7.7. Executing OPT_CLEAN pass (remove unused cells and wires).
Finding unused cells or wires in module \gray_to_binary_leds..

2.7.7.8. Executing OPT_EXPR pass (perform const folding).
Optimizing module gray_to_binary_leds.

2.7.7.9. Finished OPT passes. (There is nothing left to do.)

2.7.8. Executing WREDUCE pass (reducing word size of cells).

2.7.9. Executing PEEPOPT pass (run peephole optimizers).

2.7.10. Executing OPT_CLEAN pass (remove unused cells and wires).
Finding unused cells or wires in module \gray_to_binary_leds..

2.7.11. Executing ALUMACC pass (create $alu and $macc cells).
Extracting $alu and $macc cells in module gray_to_binary_leds:
  created 0 $alu and 0 $macc cells.

2.7.12. Executing SHARE pass (SAT-based resource sharing).

2.7.13. Executing OPT pass (performing simple optimizations).

2.7.13.1. Executing OPT_EXPR pass (perform const folding).
Optimizing module gray_to_binary_leds.

2.7.13.2. Executing OPT_MERGE pass (detect identical cells).
Finding identical cells in module `\gray_to_binary_leds'.
Removed a total of 0 cells.

2.7.13.3. Executing OPT_MUXTREE pass (detect dead branches in mux trees).
Running muxtree optimizer on module \gray_to_binary_leds..
  Creating internal representation of mux trees.
  No muxes found in this module.
Removed 0 multiplexer ports.

2.7.13.4. Executing OPT_REDUCE pass (consolidate $*mux and $reduce_* inputs).
  Optimizing cells in module \gray_to_binary_leds.
Performed a total of 0 changes.

2.7.13.5. Executing OPT_MERGE pass (detect identical cells).
Finding identical cells in module `\gray_to_binary_leds'.
Removed a total of 0 cells.

2.7.13.6. Executing OPT_DFF pass (perform DFF optimizations).

2.7.13.7. Executing OPT_CLEAN pass (remove unused cells and wires).
Finding unused cells or wires in module \gray_to_binary_leds..

2.7.13.8. Executing OPT_EXPR pass (perform const folding).
Optimizing module gray_to_binary_leds.

2.7.13.9. Finished OPT passes. (There is nothing left to do.)

2.7.14. Executing MEMORY pass.

2.7.14.1. Executing OPT_MEM pass (optimize memories).
Performed a total of 0 transformations.

2.7.14.2. Executing OPT_MEM_PRIORITY pass (removing unnecessary memory write priority relations).
Performed a total of 0 transformations.

2.7.14.3. Executing OPT_MEM_FEEDBACK pass (finding memory read-to-write feedback paths).

2.7.14.4. Executing MEMORY_BMUX2ROM pass (converting muxes to ROMs).

2.7.14.5. Executing MEMORY_DFF pass (merging $dff cells to $memrd).

2.7.14.6. Executing OPT_CLEAN pass (remove unused cells and wires).
Finding unused cells or wires in module \gray_to_binary_leds..

2.7.14.7. Executing MEMORY_SHARE pass (consolidating $memrd/$memwr cells).

2.7.14.8. Executing OPT_MEM_WIDEN pass (optimize memories where all ports are wide).
Performed a total of 0 transformations.

2.7.14.9. Executing OPT_CLEAN pass (remove unused cells and wires).
Finding unused cells or wires in module \gray_to_binary_leds..

2.7.14.10. Executing MEMORY_COLLECT pass (generating $mem cells).

2.7.15. Executing OPT_CLEAN pass (remove unused cells and wires).
Finding unused cells or wires in module \gray_to_binary_leds..

2.8. Executing MEMORY_LIBMAP pass (mapping memories to cells).

2.9. Executing TECHMAP pass (map to technology primitives).

2.9.1. Executing Verilog-2005 frontend: C:\Users\achac\OneDrive\Escritorio\Diseno\oss-cad-suite\bin\../share/yosys/gowin/lutrams_map.v
Parsing Verilog input from `C:\Users\achac\OneDrive\Escritorio\Diseno\oss-cad-suite\bin\../share/yosys/gowin/lutrams_map.v' to AST representation.
Generating RTLIL representation for module `\$__GOWIN_LUTRAM_'.
Successfully finished Verilog frontend.

2.9.2. Executing Verilog-2005 frontend: C:\Users\achac\OneDrive\Escritorio\Diseno\oss-cad-suite\bin\../share/yosys/gowin/brams_map.v
Parsing Verilog input from `C:\Users\achac\OneDrive\Escritorio\Diseno\oss-cad-suite\bin\../share/yosys/gowin/brams_map.v' to AST representation.
Generating RTLIL representation for module `\$__GOWIN_SP_'.
Generating RTLIL representation for module `\$__GOWIN_DP_'.
Generating RTLIL representation for module `\$__GOWIN_SDP_'.
Successfully finished Verilog frontend.

2.9.3. Continuing TECHMAP pass.
No more expansions possible.
<suppressed ~6 debug messages>

2.10. Executing OPT pass (performing simple optimizations).

2.10.1. Executing OPT_EXPR pass (perform const folding).
Optimizing module gray_to_binary_leds.

2.10.2. Executing OPT_MERGE pass (detect identical cells).
Finding identical cells in module `\gray_to_binary_leds'.
Removed a total of 0 cells.

2.10.3. Executing OPT_DFF pass (perform DFF optimizations).

2.10.4. Executing OPT_CLEAN pass (remove unused cells and wires).
Finding unused cells or wires in module \gray_to_binary_leds..

2.10.5. Finished fast OPT passes.

2.11. Executing MEMORY_MAP pass (converting memories to logic and flip-flops).

2.12. Executing OPT pass (performing simple optimizations).

2.12.1. Executing OPT_EXPR pass (perform const folding).
Optimizing module gray_to_binary_leds.

2.12.2. Executing OPT_MERGE pass (detect identical cells).
Finding identical cells in module `\gray_to_binary_leds'.
Removed a total of 0 cells.

2.12.3. Executing OPT_MUXTREE pass (detect dead branches in mux trees).
Running muxtree optimizer on module \gray_to_binary_leds..
  Creating internal representation of mux trees.
  No muxes found in this module.
Removed 0 multiplexer ports.

2.12.4. Executing OPT_REDUCE pass (consolidate $*mux and $reduce_* inputs).
  Optimizing cells in module \gray_to_binary_leds.
Performed a total of 0 changes.

2.12.5. Executing OPT_MERGE pass (detect identical cells).
Finding identical cells in module `\gray_to_binary_leds'.
Removed a total of 0 cells.

2.12.6. Executing OPT_DFF pass (perform DFF optimizations).

2.12.7. Executing OPT_CLEAN pass (remove unused cells and wires).
Finding unused cells or wires in module \gray_to_binary_leds..

2.12.8. Executing OPT_EXPR pass (perform const folding).
Optimizing module gray_to_binary_leds.

2.12.9. Finished OPT passes. (There is nothing left to do.)

2.13. Executing TECHMAP pass (map to technology primitives).

2.13.1. Executing Verilog-2005 frontend: C:\Users\achac\OneDrive\Escritorio\Diseno\oss-cad-suite\bin\../share/yosys/techmap.v
Parsing Verilog input from `C:\Users\achac\OneDrive\Escritorio\Diseno\oss-cad-suite\bin\../share/yosys/techmap.v' to AST representation.
Generating RTLIL representation for module `\_90_simplemap_bool_ops'.
Generating RTLIL representation for module `\_90_simplemap_reduce_ops'.
Generating RTLIL representation for module `\_90_simplemap_logic_ops'.
Generating RTLIL representation for module `\_90_simplemap_compare_ops'.
Generating RTLIL representation for module `\_90_simplemap_various'.
Generating RTLIL representation for module `\_90_simplemap_registers'.
Generating RTLIL representation for module `\_90_shift_ops_shr_shl_sshl_sshr'.
Generating RTLIL representation for module `\_90_shift_shiftx'.
Generating RTLIL representation for module `\_90_fa'.
Generating RTLIL representation for module `\_90_lcu'.
Generating RTLIL representation for module `\_90_alu'.
Generating RTLIL representation for module `\_90_macc'.
Generating RTLIL representation for module `\_90_alumacc'.
Generating RTLIL representation for module `\$__div_mod_u'.
Generating RTLIL representation for module `\$__div_mod_trunc'.
Generating RTLIL representation for module `\_90_div'.
Generating RTLIL representation for module `\_90_mod'.
Generating RTLIL representation for module `\$__div_mod_floor'.
Generating RTLIL representation for module `\_90_divfloor'.
Generating RTLIL representation for module `\_90_modfloor'.
Generating RTLIL representation for module `\_90_pow'.
Generating RTLIL representation for module `\_90_pmux'.
Generating RTLIL representation for module `\_90_demux'.
Generating RTLIL representation for module `\_90_lut'.
Successfully finished Verilog frontend.

2.13.2. Executing Verilog-2005 frontend: C:\Users\achac\OneDrive\Escritorio\Diseno\oss-cad-suite\bin\../share/yosys/gowin/arith_map.v
Parsing Verilog input from `C:\Users\achac\OneDrive\Escritorio\Diseno\oss-cad-suite\bin\../share/yosys/gowin/arith_map.v' to AST representation.
Generating RTLIL representation for module `\_80_gw1n_alu'.
Successfully finished Verilog frontend.

2.13.3. Continuing TECHMAP pass.
Using extmapper simplemap for cells of type $xor.
No more expansions possible.
<suppressed ~76 debug messages>

2.14. Executing OPT pass (performing simple optimizations).

2.14.1. Executing OPT_EXPR pass (perform const folding).
Optimizing module gray_to_binary_leds.

2.14.2. Executing OPT_MERGE pass (detect identical cells).
Finding identical cells in module `\gray_to_binary_leds'.
Removed a total of 0 cells.

2.14.3. Executing OPT_DFF pass (perform DFF optimizations).

2.14.4. Executing OPT_CLEAN pass (remove unused cells and wires).
Finding unused cells or wires in module \gray_to_binary_leds..

2.14.5. Finished fast OPT passes.

2.15. Executing IOPADMAP pass (mapping inputs/outputs to IO-PAD cells).
Mapping port gray_to_binary_leds.binary using OBUF.
Mapping port gray_to_binary_leds.gray using IBUF.

2.16. Executing OPT_CLEAN pass (remove unused cells and wires).
Finding unused cells or wires in module \gray_to_binary_leds..

2.17. Executing DFFLEGALIZE pass (convert FFs to types supported by the target).

2.18. Executing TECHMAP pass (map to technology primitives).

2.18.1. Executing Verilog-2005 frontend: C:\Users\achac\OneDrive\Escritorio\Diseno\oss-cad-suite\bin\../share/yosys/gowin/cells_map.v
Parsing Verilog input from `C:\Users\achac\OneDrive\Escritorio\Diseno\oss-cad-suite\bin\../share/yosys/gowin/cells_map.v' to AST representation.
Generating RTLIL representation for module `\$_DFF_N_'.
Generating RTLIL representation for module `\$_DFF_P_'.
Generating RTLIL representation for module `\$_DFFE_PP_'.
Generating RTLIL representation for module `\$_DFFE_NP_'.
Generating RTLIL representation for module `\$_SDFF_PP0_'.
Generating RTLIL representation for module `\$_SDFF_NP0_'.
Generating RTLIL representation for module `\$_SDFFE_PP0P_'.
Generating RTLIL representation for module `\$_SDFFE_NP0P_'.
Generating RTLIL representation for module `\$_SDFF_PP1_'.
Generating RTLIL representation for module `\$_SDFF_NP1_'.
Generating RTLIL representation for module `\$_SDFFE_PP1P_'.
Generating RTLIL representation for module `\$_SDFFE_NP1P_'.
Generating RTLIL representation for module `\$_DFF_PP1_'.
Generating RTLIL representation for module `\$_DFF_NP1_'.
Generating RTLIL representation for module `\$_DFF_PP0_'.
Generating RTLIL representation for module `\$_DFF_NP0_'.
Generating RTLIL representation for module `\$_DFFE_PP1P_'.
Generating RTLIL representation for module `\$_DFFE_NP1P_'.
Generating RTLIL representation for module `\$_DFFE_PP0P_'.
Generating RTLIL representation for module `\$_DFFE_NP0P_'.
Generating RTLIL representation for module `\$lut'.
Successfully finished Verilog frontend.

2.18.2. Continuing TECHMAP pass.
No more expansions possible.
<suppressed ~23 debug messages>

2.19. Executing OPT_EXPR pass (perform const folding).
Optimizing module gray_to_binary_leds.

2.20. Executing SIMPLEMAP pass (map simple cells to gate primitives).

2.21. Executing ABC pass (technology mapping using ABC).

2.21.1. Extracting gate netlist of module `\gray_to_binary_leds' to `<abc-temp-dir>/input.blif'..
Extracted 3 gates and 7 wires to a netlist network with 4 inputs and 3 outputs.

2.21.1.1. Executing ABC.
Running ABC command: "<yosys-exe-dir>/yosys-abc" -s -f <abc-temp-dir>/abc.script 2>&1
ABC: ABC command line: "source <abc-temp-dir>/abc.script".
ABC: 
ABC: + read_blif <abc-temp-dir>/input.blif 
ABC: + read_lut <abc-temp-dir>/lutdefs.txt 
ABC: + strash 
ABC: + &get -n 
ABC: + &fraig -x 
ABC: + &put 
ABC: + scorr 
ABC: Warning: The network is combinational (run "fraig" or "fraig_sweep").
ABC: + dc2 
ABC: + dretime 
ABC: + strash 
ABC: + dch -f 
ABC: + if 
ABC: + mfs2 
ABC: + write_blif <abc-temp-dir>/output.blif 

2.21.1.2. Re-integrating ABC results.
ABC RESULTS:              $lut cells:        3
ABC RESULTS:        internal signals:        0
ABC RESULTS:           input signals:        4
ABC RESULTS:          output signals:        3
Removing temp directory.
Removed 0 unused cells and 2 unused wires.

2.22. Executing TECHMAP pass (map to technology primitives).

2.22.1. Executing Verilog-2005 frontend: C:\Users\achac\OneDrive\Escritorio\Diseno\oss-cad-suite\bin\../share/yosys/gowin/cells_map.v
Parsing Verilog input from `C:\Users\achac\OneDrive\Escritorio\Diseno\oss-cad-suite\bin\../share/yosys/gowin/cells_map.v' to AST representation.
Generating RTLIL representation for module `\$_DFF_N_'.
Generating RTLIL representation for module `\$_DFF_P_'.
Generating RTLIL representation for module `\$_DFFE_PP_'.
Generating RTLIL representation for module `\$_DFFE_NP_'.
Generating RTLIL representation for module `\$_SDFF_PP0_'.
Generating RTLIL representation for module `\$_SDFF_NP0_'.
Generating RTLIL representation for module `\$_SDFFE_PP0P_'.
Generating RTLIL representation for module `\$_SDFFE_NP0P_'.
Generating RTLIL representation for module `\$_SDFF_PP1_'.
Generating RTLIL representation for module `\$_SDFF_NP1_'.
Generating RTLIL representation for module `\$_SDFFE_PP1P_'.
Generating RTLIL representation for module `\$_SDFFE_NP1P_'.
Generating RTLIL representation for module `\$_DFF_PP1_'.
Generating RTLIL representation for module `\$_DFF_NP1_'.
Generating RTLIL representation for module `\$_DFF_PP0_'.
Generating RTLIL representation for module `\$_DFF_NP0_'.
Generating RTLIL representation for module `\$_DFFE_PP1P_'.
Generating RTLIL representation for module `\$_DFFE_NP1P_'.
Generating RTLIL representation for module `\$_DFFE_PP0P_'.
Generating RTLIL representation for module `\$_DFFE_NP0P_'.
Generating RTLIL representation for module `\$lut'.
Successfully finished Verilog frontend.

2.22.2. Continuing TECHMAP pass.
Using template $paramod\$lut\WIDTH=32'00000000000000000000000000000010\LUT=4'0110 for cells of type $lut.
Using template $paramod$fd904e9e35cfd343a9df248824bd3f1408724879\$lut for cells of type $lut.
Using template $paramod\$lut\WIDTH=32'00000000000000000000000000000011\LUT=8'10010110 for cells of type $lut.
No more expansions possible.
<suppressed ~65 debug messages>

2.23. Executing OPT_LUT_INS pass (discard unused LUT inputs).
Optimizing LUTs in gray_to_binary_leds.

2.24. Executing SETUNDEF pass (replace undef values with defined constants).

2.25. Executing HILOMAP pass (mapping to constant drivers).
Removed 1 unused cells and 9 unused wires.

2.26. Executing AUTONAME pass.
Renamed 21 objects in module gray_to_binary_leds (4 iterations).
<suppressed ~16 debug messages>

2.27. Executing HIERARCHY pass (managing design hierarchy).

2.27.1. Analyzing design hierarchy..
Top module:  \gray_to_binary_leds

2.27.2. Analyzing design hierarchy..
Top module:  \gray_to_binary_leds
Removed 0 unused modules.

2.28. Printing statistics.

=== gray_to_binary_leds ===

   Number of wires:                  7
   Number of wire bits:             17
   Number of public wires:           7
   Number of public wire bits:      17
   Number of memories:               0
   Number of memory bits:            0
   Number of processes:              0
   Number of cells:                 11
     IBUF                            4
     LUT2                            1
     LUT3                            1
     LUT4                            1
     OBUF                            4

2.29. Executing CHECK pass (checking for obvious problems).
Checking module gray_to_binary_leds...
Found and reported 0 problems.

2.30. Executing JSON backend.

End of script. Logfile hash: 68a01a2790
Yosys 0.26+1 (git sha1 b1a011138, x86_64-w64-mingw32-g++ 9.2.1 -Os)
Time spent: 1% 14x opt_expr (0 sec), 1% 13x opt_clean (0 sec), ...
